<?xml version="1.0" encoding="UTF-8"?>
<coverage generated="1656149825510" clover="3.2.0">
  <project timestamp="1656149825510" name="All files">
    <metrics statements="36" coveredstatements="36" conditionals="12" coveredconditionals="12" methods="9" coveredmethods="9" elements="57" coveredelements="57" complexity="0" loc="36" ncloc="36" packages="1" files="1" classes="1"/>
    <file name="LinkedList.js" path="/home/swapnil/Documents/swapnil-git/DSA-JS/Data-Structures/Linked-Lists/Singly-Linked-List/LinkedList.js">
      <metrics statements="36" coveredstatements="36" conditionals="12" coveredconditionals="12" methods="9" coveredmethods="9"/>
      <line num="3" count="15" type="stmt"/>
      <line num="4" count="15" type="stmt"/>
      <line num="8" count="41" type="stmt"/>
      <line num="9" count="41" type="stmt"/>
      <line num="10" count="41" type="stmt"/>
      <line num="14" count="12" type="cond" truecount="4" falsecount="0"/>
      <line num="16" count="6" type="stmt"/>
      <line num="17" count="6" type="stmt"/>
      <line num="18" count="7" type="stmt"/>
      <line num="20" count="6" type="stmt"/>
      <line num="24" count="2" type="stmt"/>
      <line num="25" count="2" type="stmt"/>
      <line num="29" count="4" type="cond" truecount="2" falsecount="0"/>
      <line num="31" count="3" type="stmt"/>
      <line num="32" count="3" type="cond" truecount="2" falsecount="0"/>
      <line num="34" count="1" type="stmt"/>
      <line num="35" count="1" type="stmt"/>
      <line num="39" count="4" type="cond" truecount="2" falsecount="0"/>
      <line num="41" count="3" type="stmt"/>
      <line num="42" count="3" type="cond" truecount="2" falsecount="0"/>
      <line num="44" count="1" type="stmt"/>
      <line num="45" count="1" type="stmt"/>
      <line num="49" count="1" type="stmt"/>
      <line num="50" count="1" type="stmt"/>
      <line num="51" count="1" type="stmt"/>
      <line num="52" count="4" type="stmt"/>
      <line num="53" count="4" type="stmt"/>
      <line num="55" count="1" type="stmt"/>
      <line num="61" count="42" type="stmt"/>
      <line num="62" count="42" type="stmt"/>
      <line num="66" count="1" type="stmt"/>
      <line num="67" count="13" type="stmt"/>
      <line num="68" count="13" type="stmt"/>
      <line num="69" count="34" type="stmt"/>
      <line num="71" count="13" type="stmt"/>
      <line num="74" count="1" type="stmt"/>
    </file>
  </project>
</coverage>
