{"/home/swapnil/Documents/swapnil-git/DSA-JS/Data-Structures/Linked-Lists/Singly-Linked-List/LinkedList.js": {"path":"/home/swapnil/Documents/swapnil-git/DSA-JS/Data-Structures/Linked-Lists/Singly-Linked-List/LinkedList.js","statementMap":{"0":{"start":{"line":3,"column":4},"end":{"line":3,"column":20}},"1":{"start":{"line":4,"column":4},"end":{"line":4,"column":19}},"2":{"start":{"line":8,"column":20},"end":{"line":8,"column":55}},"3":{"start":{"line":9,"column":4},"end":{"line":9,"column":23}},"4":{"start":{"line":10,"column":4},"end":{"line":10,"column":17}},"5":{"start":{"line":14,"column":4},"end":{"line":14,"column":54}},"6":{"start":{"line":14,"column":43},"end":{"line":14,"column":54}},"7":{"start":{"line":16,"column":18},"end":{"line":16,"column":27}},"8":{"start":{"line":17,"column":4},"end":{"line":19,"column":5}},"9":{"start":{"line":17,"column":17},"end":{"line":17,"column":18}},"10":{"start":{"line":18,"column":6},"end":{"line":18,"column":28}},"11":{"start":{"line":20,"column":4},"end":{"line":20,"column":18}},"12":{"start":{"line":24,"column":4},"end":{"line":24,"column":30}},"13":{"start":{"line":25,"column":4},"end":{"line":25,"column":17}},"14":{"start":{"line":29,"column":4},"end":{"line":29,"column":52}},"15":{"start":{"line":29,"column":21},"end":{"line":29,"column":52}},"16":{"start":{"line":31,"column":17},"end":{"line":31,"column":43}},"17":{"start":{"line":32,"column":4},"end":{"line":32,"column":33}},"18":{"start":{"line":32,"column":22},"end":{"line":32,"column":33}},"19":{"start":{"line":34,"column":4},"end":{"line":34,"column":52}},"20":{"start":{"line":35,"column":4},"end":{"line":35,"column":17}},"21":{"start":{"line":39,"column":4},"end":{"line":39,"column":45}},"22":{"start":{"line":39,"column":21},"end":{"line":39,"column":45}},"23":{"start":{"line":41,"column":17},"end":{"line":41,"column":43}},"24":{"start":{"line":42,"column":4},"end":{"line":42,"column":33}},"25":{"start":{"line":42,"column":22},"end":{"line":42,"column":33}},"26":{"start":{"line":44,"column":4},"end":{"line":44,"column":30}},"27":{"start":{"line":45,"column":4},"end":{"line":45,"column":17}},"28":{"start":{"line":49,"column":15},"end":{"line":49,"column":17}},"29":{"start":{"line":50,"column":18},"end":{"line":50,"column":22}},"30":{"start":{"line":51,"column":4},"end":{"line":54,"column":5}},"31":{"start":{"line":52,"column":6},"end":{"line":52,"column":44}},"32":{"start":{"line":53,"column":6},"end":{"line":53,"column":28}},"33":{"start":{"line":55,"column":4},"end":{"line":55,"column":26}},"34":{"start":{"line":58,"column":27},"end":{"line":58,"column":43}},"35":{"start":{"line":59,"column":4},"end":{"line":64,"column":5}},"36":{"start":{"line":60,"column":6},"end":{"line":60,"column":22}},"37":{"start":{"line":61,"column":6},"end":{"line":61,"column":22}},"38":{"start":{"line":62,"column":6},"end":{"line":62,"column":17}},"39":{"start":{"line":63,"column":6},"end":{"line":63,"column":17}},"40":{"start":{"line":65,"column":4},"end":{"line":65,"column":15}},"41":{"start":{"line":66,"column":4},"end":{"line":66,"column":15}},"42":{"start":{"line":72,"column":4},"end":{"line":72,"column":22}},"43":{"start":{"line":73,"column":4},"end":{"line":73,"column":20}},"44":{"start":{"line":77,"column":0},"end":{"line":83,"column":1}},"45":{"start":{"line":78,"column":13},"end":{"line":78,"column":29}},"46":{"start":{"line":79,"column":2},"end":{"line":81,"column":3}},"47":{"start":{"line":79,"column":15},"end":{"line":79,"column":32}},"48":{"start":{"line":80,"column":4},"end":{"line":80,"column":30}},"49":{"start":{"line":82,"column":2},"end":{"line":82,"column":11}},"50":{"start":{"line":85,"column":0},"end":{"line":85,"column":27}}},"fnMap":{"0":{"name":"(anonymous_0)","decl":{"start":{"line":2,"column":2},"end":{"line":2,"column":3}},"loc":{"start":{"line":2,"column":16},"end":{"line":5,"column":3}},"line":2},"1":{"name":"(anonymous_1)","decl":{"start":{"line":7,"column":2},"end":{"line":7,"column":3}},"loc":{"start":{"line":7,"column":21},"end":{"line":11,"column":3}},"line":7},"2":{"name":"(anonymous_2)","decl":{"start":{"line":13,"column":2},"end":{"line":13,"column":3}},"loc":{"start":{"line":13,"column":20},"end":{"line":21,"column":3}},"line":13},"3":{"name":"(anonymous_3)","decl":{"start":{"line":23,"column":2},"end":{"line":23,"column":3}},"loc":{"start":{"line":23,"column":15},"end":{"line":26,"column":3}},"line":23},"4":{"name":"(anonymous_4)","decl":{"start":{"line":28,"column":2},"end":{"line":28,"column":3}},"loc":{"start":{"line":28,"column":30},"end":{"line":36,"column":3}},"line":28},"5":{"name":"(anonymous_5)","decl":{"start":{"line":38,"column":2},"end":{"line":38,"column":3}},"loc":{"start":{"line":38,"column":23},"end":{"line":46,"column":3}},"line":38},"6":{"name":"(anonymous_6)","decl":{"start":{"line":48,"column":2},"end":{"line":48,"column":3}},"loc":{"start":{"line":48,"column":34},"end":{"line":56,"column":3}},"line":48},"7":{"name":"(anonymous_7)","decl":{"start":{"line":57,"column":2},"end":{"line":57,"column":3}},"loc":{"start":{"line":57,"column":19},"end":{"line":67,"column":3}},"line":57},"8":{"name":"(anonymous_8)","decl":{"start":{"line":71,"column":2},"end":{"line":71,"column":3}},"loc":{"start":{"line":71,"column":27},"end":{"line":74,"column":3}},"line":71},"9":{"name":"(anonymous_9)","decl":{"start":{"line":77,"column":24},"end":{"line":77,"column":25}},"loc":{"start":{"line":77,"column":44},"end":{"line":83,"column":1}},"line":77}},"branchMap":{"0":{"loc":{"start":{"line":14,"column":4},"end":{"line":14,"column":54}},"type":"if","locations":[{"start":{"line":14,"column":4},"end":{"line":14,"column":54}},{"start":{},"end":{}}],"line":14},"1":{"loc":{"start":{"line":14,"column":8},"end":{"line":14,"column":41}},"type":"binary-expr","locations":[{"start":{"line":14,"column":8},"end":{"line":14,"column":17}},{"start":{"line":14,"column":21},"end":{"line":14,"column":41}}],"line":14},"2":{"loc":{"start":{"line":29,"column":4},"end":{"line":29,"column":52}},"type":"if","locations":[{"start":{"line":29,"column":4},"end":{"line":29,"column":52}},{"start":{},"end":{}}],"line":29},"3":{"loc":{"start":{"line":32,"column":4},"end":{"line":32,"column":33}},"type":"if","locations":[{"start":{"line":32,"column":4},"end":{"line":32,"column":33}},{"start":{},"end":{}}],"line":32},"4":{"loc":{"start":{"line":39,"column":4},"end":{"line":39,"column":45}},"type":"if","locations":[{"start":{"line":39,"column":4},"end":{"line":39,"column":45}},{"start":{},"end":{}}],"line":39},"5":{"loc":{"start":{"line":42,"column":4},"end":{"line":42,"column":33}},"type":"if","locations":[{"start":{"line":42,"column":4},"end":{"line":42,"column":33}},{"start":{},"end":{}}],"line":42},"6":{"loc":{"start":{"line":48,"column":18},"end":{"line":48,"column":32}},"type":"default-arg","locations":[{"start":{"line":48,"column":23},"end":{"line":48,"column":32}}],"line":48}},"s":{"0":16,"1":16,"2":45,"3":45,"4":45,"5":12,"6":6,"7":6,"8":6,"9":6,"10":7,"11":6,"12":2,"13":2,"14":4,"15":1,"16":3,"17":3,"18":2,"19":1,"20":1,"21":4,"22":1,"23":3,"24":3,"25":2,"26":1,"27":1,"28":2,"29":2,"30":2,"31":8,"32":8,"33":2,"34":1,"35":1,"36":4,"37":4,"38":4,"39":4,"40":1,"41":1,"42":46,"43":46,"44":1,"45":13,"46":13,"47":13,"48":34,"49":13,"50":1},"f":{"0":16,"1":45,"2":12,"3":2,"4":4,"5":4,"6":2,"7":1,"8":46,"9":13},"b":{"0":[6,6],"1":[12,8],"2":[1,3],"3":[2,1],"4":[1,3],"5":[2,1],"6":[1]},"_coverageSchema":"1a1c01bbd47fc00a2c39e90264f33305004495a9","hash":"bbbe66273414eb7828d70434fedda63c500be122"}
}
