TN:
SF:LinkedList.js
FN:2,(anonymous_0)
FN:7,(anonymous_1)
FN:13,(anonymous_2)
FN:23,(anonymous_3)
FN:28,(anonymous_4)
FN:38,(anonymous_5)
FN:48,(anonymous_6)
FN:57,(anonymous_7)
FN:71,(anonymous_8)
FN:77,(anonymous_9)
FNF:10
FNH:10
FNDA:16,(anonymous_0)
FNDA:45,(anonymous_1)
FNDA:12,(anonymous_2)
FNDA:2,(anonymous_3)
FNDA:4,(anonymous_4)
FNDA:4,(anonymous_5)
FNDA:2,(anonymous_6)
FNDA:1,(anonymous_7)
FNDA:46,(anonymous_8)
FNDA:13,(anonymous_9)
DA:3,16
DA:4,16
DA:8,45
DA:9,45
DA:10,45
DA:14,12
DA:16,6
DA:17,6
DA:18,7
DA:20,6
DA:24,2
DA:25,2
DA:29,4
DA:31,3
DA:32,3
DA:34,1
DA:35,1
DA:39,4
DA:41,3
DA:42,3
DA:44,1
DA:45,1
DA:49,2
DA:50,2
DA:51,2
DA:52,8
DA:53,8
DA:55,2
DA:58,1
DA:59,1
DA:60,4
DA:61,4
DA:62,4
DA:63,4
DA:65,1
DA:66,1
DA:72,46
DA:73,46
DA:77,1
DA:78,13
DA:79,13
DA:80,34
DA:82,13
DA:85,1
LF:44
LH:44
BRDA:14,0,0,6
BRDA:14,0,1,6
BRDA:14,1,0,12
BRDA:14,1,1,8
BRDA:29,2,0,1
BRDA:29,2,1,3
BRDA:32,3,0,2
BRDA:32,3,1,1
BRDA:39,4,0,1
BRDA:39,4,1,3
BRDA:42,5,0,2
BRDA:42,5,1,1
BRDA:48,6,0,1
BRF:13
BRH:13
end_of_record
